<wxlog>
  <threadId>#main</threadId>
  <timestamp>01:07:45:5294</timestamp>
  <msgtype>MsgWXLogLaunch</msgtype>
  <content>[The WXLogger is launched!]</content>
  <stackFrames>
[CALL STACK][0]: Method:WXTextureTools.Application.Options.OptionsConfig..ctor; File:.0
[CALL STACK][1]: Method:WXTextureTools.Application.App..ctor; File:.0
[CALL STACK][2]: Method:WXTextureTools.Program.Main; File:.0
</stackFrames>
</wxlog>
<wxlog>
  <threadId>#main</threadId>
  <timestamp>01:07:45:5436</timestamp>
  <msgtype>MsgMixture</msgtype>
  <content>string|String[]
OptionsConfig,-option=text
-do=assetListInfo
-sourceDir=D:/Project/UnityProject/Inkveil/Unity/InkveilProject/Build/Web\webgl
-dataDir=D:/Project/UnityProject/Inkveil/Unity/InkveilProject/TextToolDatas
</content>
  <stackFrames>
[CALL STACK][0]: Method:WXTextureTools.Application.App..ctor; File:.0
[CALL STACK][1]: Method:WXTextureTools.Program.Main; File:.0
</stackFrames>
</wxlog>
<wxlog>
  <threadId>#main</threadId>
  <timestamp>01:07:45:5461</timestamp>
  <msgtype>MsgMixture</msgtype>
  <content>string|string
UnityBridgeHandler - SetDataDir,D:/Project/UnityProject/Inkveil/Unity/InkveilProject/TextToolDatas\temp</content>
  <stackFrames>
[CALL STACK][0]: Method:WXTextureTools.Program.Main; File:.0
</stackFrames>
</wxlog>
<wxlog>
  <threadId>#main</threadId>
  <timestamp>01:07:45:5496</timestamp>
  <msgtype>MsgString</msgtype>
  <content>WXTextureMinExec</content>
  <stackFrames>
[CALL STACK][0]: Method:WXTextureTools.Application.App..ctor; File:.0
[CALL STACK][1]: Method:WXTextureTools.Program.Main; File:.0
</stackFrames>
</wxlog>
<wxlog>
  <threadId>#main</threadId>
  <timestamp>01:07:45:5536</timestamp>
  <msgtype>MsgMixture</msgtype>
  <content>string|string
IgnoreHandler,D:/Project/UnityProject/Inkveil/Unity/InkveilProject/TextToolDatas\bundlerIgnore.txt</content>
  <stackFrames>
[CALL STACK][0]: Method:WXTextureTools.Application.AppCmdExec.WXTextureMinExec..ctor; File:.0
[CALL STACK][1]: Method:WXTextureTools.Application.App.process; File:.0
[CALL STACK][2]: Method:WXTextureTools.Application.App..ctor; File:.0
</stackFrames>
</wxlog>
<wxlog>
  <threadId>#main</threadId>
  <timestamp>01:07:45:5566</timestamp>
  <msgtype>MsgMixture</msgtype>
  <content>string|String[]
WXTextureMinExec files,D:\Project\UnityProject\Inkveil\Unity\InkveilProject\Build\Web\webgl\Build\webgl.data
D:\Project\UnityProject\Inkveil\Unity\InkveilProject\Build\Web\webgl\Build\webgl.framework.js
D:\Project\UnityProject\Inkveil\Unity\InkveilProject\Build\Web\webgl\Build\webgl.loader.js
D:\Project\UnityProject\Inkveil\Unity\InkveilProject\Build\Web\webgl\Build\webgl.symbols.json
D:\Project\UnityProject\Inkveil\Unity\InkveilProject\Build\Web\webgl\Build\webgl.wasm
D:\Project\UnityProject\Inkveil\Unity\InkveilProject\Build\Web\webgl\ca57474f39df1c53.webgl.wasm.code.unityweb.wasm.br
D:\Project\UnityProject\Inkveil\Unity\InkveilProject\Build\Web\webgl\ea92b196c2c4e843.webgl.data.unityweb.bin.br
D:\Project\UnityProject\Inkveil\Unity\InkveilProject\Build\Web\webgl\index.html
D:\Project\UnityProject\Inkveil\Unity\InkveilProject\Build\Web\webgl\StreamingAssets\aa\AddressablesLink\link.xml
D:\Project\UnityProject\Inkveil\Unity\InkveilProject\Build\Web\webgl\StreamingAssets\aa\catalog.json
D:\Project\UnityProject\Inkveil\Unity\InkveilProject\Build\Web\webgl\StreamingAssets\aa\settings.json
D:\Project\UnityProject\Inkveil\Unity\InkveilProject\Build\Web\webgl\StreamingAssets\aa\WebGL\duplicateassetisolation1_assets_all_35f5fcea5a729865be035f44984fdc38.bundle
D:\Project\UnityProject\Inkveil\Unity\InkveilProject\Build\Web\webgl\StreamingAssets\UnityServicesProjectConfiguration.json
D:\Project\UnityProject\Inkveil\Unity\InkveilProject\Build\Web\webgl\webgl.wasm.symbols.unityweb.br
</content>
  <stackFrames>
[CALL STACK][0]: Method:WXTextureTools.Application.App.process; File:.0
[CALL STACK][1]: Method:WXTextureTools.Application.App..ctor; File:.0
[CALL STACK][2]: Method:WXTextureTools.Program.Main; File:.0
</stackFrames>
</wxlog>
<wxlog>
  <threadId>#main</threadId>
  <timestamp>01:07:45:5566</timestamp>
  <msgtype>MsgMixture</msgtype>
  <content>string|String[]
WXTextureMinExec filesAB,</content>
  <stackFrames>
[CALL STACK][0]: Method:WXTextureTools.Application.App.process; File:.0
[CALL STACK][1]: Method:WXTextureTools.Application.App..ctor; File:.0
[CALL STACK][2]: Method:WXTextureTools.Program.Main; File:.0
</stackFrames>
</wxlog>
<wxlog>
  <threadId>#main</threadId>
  <timestamp>01:07:45:5591</timestamp>
  <msgtype>MsgMixture</msgtype>
  <content>string|String[]
WXTextureMinExec copyFiles,D:\Project\UnityProject\Inkveil\Unity\InkveilProject\Build\Web\webgl\Build\webgl.data
D:\Project\UnityProject\Inkveil\Unity\InkveilProject\Build\Web\webgl\Build\webgl.framework.js
D:\Project\UnityProject\Inkveil\Unity\InkveilProject\Build\Web\webgl\Build\webgl.loader.js
D:\Project\UnityProject\Inkveil\Unity\InkveilProject\Build\Web\webgl\Build\webgl.symbols.json
D:\Project\UnityProject\Inkveil\Unity\InkveilProject\Build\Web\webgl\Build\webgl.wasm
D:\Project\UnityProject\Inkveil\Unity\InkveilProject\Build\Web\webgl\ca57474f39df1c53.webgl.wasm.code.unityweb.wasm.br
D:\Project\UnityProject\Inkveil\Unity\InkveilProject\Build\Web\webgl\ea92b196c2c4e843.webgl.data.unityweb.bin.br
D:\Project\UnityProject\Inkveil\Unity\InkveilProject\Build\Web\webgl\index.html
D:\Project\UnityProject\Inkveil\Unity\InkveilProject\Build\Web\webgl\StreamingAssets\aa\AddressablesLink\link.xml
D:\Project\UnityProject\Inkveil\Unity\InkveilProject\Build\Web\webgl\StreamingAssets\aa\catalog.json
D:\Project\UnityProject\Inkveil\Unity\InkveilProject\Build\Web\webgl\StreamingAssets\aa\settings.json
D:\Project\UnityProject\Inkveil\Unity\InkveilProject\Build\Web\webgl\StreamingAssets\UnityServicesProjectConfiguration.json
D:\Project\UnityProject\Inkveil\Unity\InkveilProject\Build\Web\webgl\webgl.wasm.symbols.unityweb.br
</content>
  <stackFrames>
[CALL STACK][0]: Method:WXTextureTools.Application.App.process; File:.0
[CALL STACK][1]: Method:WXTextureTools.Application.App..ctor; File:.0
[CALL STACK][2]: Method:WXTextureTools.Program.Main; File:.0
</stackFrames>
</wxlog>
<wxlog>
  <threadId>#main</threadId>
  <timestamp>01:07:45:5591</timestamp>
  <msgtype>MsgMixture</msgtype>
  <content>string|String[]
WXTextureMinExec assetBundles,D:\Project\UnityProject\Inkveil\Unity\InkveilProject\Build\Web\webgl\StreamingAssets\aa\WebGL\duplicateassetisolation1_assets_all_35f5fcea5a729865be035f44984fdc38.bundle
</content>
  <stackFrames>
[CALL STACK][0]: Method:WXTextureTools.Application.App.process; File:.0
[CALL STACK][1]: Method:WXTextureTools.Application.App..ctor; File:.0
[CALL STACK][2]: Method:WXTextureTools.Program.Main; File:.0
</stackFrames>
</wxlog>
<wxlog>
  <threadId>#main</threadId>
  <timestamp>01:07:45:5591</timestamp>
  <msgtype>MsgMixture</msgtype>
  <content>string|String[]
WXTextureMinExec firstBundles,</content>
  <stackFrames>
[CALL STACK][0]: Method:WXTextureTools.Application.App.process; File:.0
[CALL STACK][1]: Method:WXTextureTools.Application.App..ctor; File:.0
[CALL STACK][2]: Method:WXTextureTools.Program.Main; File:.0
</stackFrames>
</wxlog>
<wxlog>
  <threadId>#main</threadId>
  <timestamp>01:07:45:5591</timestamp>
  <msgtype>MsgMixture</msgtype>
  <content>string|String[]
WXTextureMinExec copyFiles2,</content>
  <stackFrames>
[CALL STACK][0]: Method:WXTextureTools.Application.App.process; File:.0
[CALL STACK][1]: Method:WXTextureTools.Application.App..ctor; File:.0
[CALL STACK][2]: Method:WXTextureTools.Program.Main; File:.0
</stackFrames>
</wxlog>
<wxlog>
  <threadId>#main</threadId>
  <timestamp>01:07:45:5591</timestamp>
  <msgtype>MsgMixture</msgtype>
  <content>string|String[]
WXTextureMinExec assetBundles2,</content>
  <stackFrames>
[CALL STACK][0]: Method:WXTextureTools.Application.App.process; File:.0
[CALL STACK][1]: Method:WXTextureTools.Application.App..ctor; File:.0
[CALL STACK][2]: Method:WXTextureTools.Program.Main; File:.0
</stackFrames>
</wxlog>
